2025-06-18T21:11:31.044-03:00  INFO 9556 --- [msclientes] [restartedMain] k.m.MsclientesnovoApplication            : Starting MsclientesnovoApplication using Java 21.0.2 with PID 9556 (C:\Users\Junior\Desktop\ms-novo-teste\msclientesnovo\target\classes started by Junior in C:\Users\Junior\Desktop\ms-novo-teste\msclientesnovo)
2025-06-18T21:11:31.048-03:00  INFO 9556 --- [msclientes] [restartedMain] k.m.MsclientesnovoApplication            : No active profile set, falling back to 1 default profile: "default"
2025-06-18T21:11:31.103-03:00  INFO 9556 --- [msclientes] [restartedMain] .e.DevToolsPropertyDefaultsPostProcessor : Devtools property defaults active! Set 'spring.devtools.add-properties' to 'false' to disable
2025-06-18T21:11:31.103-03:00  INFO 9556 --- [msclientes] [restartedMain] .e.DevToolsPropertyDefaultsPostProcessor : For additional web related logging consider setting the 'logging.level.web' property to 'DEBUG'
2025-06-18T21:11:32.503-03:00  INFO 9556 --- [msclientes] [restartedMain] .s.d.r.c.RepositoryConfigurationDelegate : Bootstrapping Spring Data JPA repositories in DEFAULT mode.
2025-06-18T21:11:32.656-03:00  INFO 9556 --- [msclientes] [restartedMain] .s.d.r.c.RepositoryConfigurationDelegate : Finished Spring Data repository scanning in 143 ms. Found 1 JPA repository interface.
2025-06-18T21:11:32.907-03:00  INFO 9556 --- [msclientes] [restartedMain] o.s.cloud.context.scope.GenericScope     : BeanFactory id=e00de41b-1a83-30b8-bcf3-bedd9ab94065
2025-06-18T21:11:33.489-03:00  INFO 9556 --- [msclientes] [restartedMain] o.s.b.w.embedded.tomcat.TomcatWebServer  : Tomcat initialized with port 0 (http)
2025-06-18T21:11:33.506-03:00  INFO 9556 --- [msclientes] [restartedMain] o.apache.catalina.core.StandardService   : Starting service [Tomcat]
2025-06-18T21:11:33.506-03:00  INFO 9556 --- [msclientes] [restartedMain] o.apache.catalina.core.StandardEngine    : Starting Servlet engine: [Apache Tomcat/10.1.41]
2025-06-18T21:11:33.569-03:00  INFO 9556 --- [msclientes] [restartedMain] o.a.c.c.C.[Tomcat].[localhost].[/]       : Initializing Spring embedded WebApplicationContext
2025-06-18T21:11:33.570-03:00  INFO 9556 --- [msclientes] [restartedMain] w.s.c.ServletWebServerApplicationContext : Root WebApplicationContext: initialization completed in 2466 ms
2025-06-18T21:11:33.983-03:00  INFO 9556 --- [msclientes] [restartedMain] com.zaxxer.hikari.HikariDataSource       : HikariPool-1 - Starting...
2025-06-18T21:11:34.190-03:00  INFO 9556 --- [msclientes] [restartedMain] com.zaxxer.hikari.pool.HikariPool        : HikariPool-1 - Added connection conn0: url=jdbc:h2:mem:4a8585f2-948e-48a8-8be9-c603a6d55279 user=SA
2025-06-18T21:11:34.193-03:00  INFO 9556 --- [msclientes] [restartedMain] com.zaxxer.hikari.HikariDataSource       : HikariPool-1 - Start completed.
2025-06-18T21:11:34.242-03:00  INFO 9556 --- [msclientes] [restartedMain] o.hibernate.jpa.internal.util.LogHelper  : HHH000204: Processing PersistenceUnitInfo [name: default]
2025-06-18T21:11:34.302-03:00  INFO 9556 --- [msclientes] [restartedMain] org.hibernate.Version                    : HHH000412: Hibernate ORM core version 6.6.15.Final
2025-06-18T21:11:34.346-03:00  INFO 9556 --- [msclientes] [restartedMain] o.h.c.internal.RegionFactoryInitiator    : HHH000026: Second-level cache disabled
2025-06-18T21:11:34.686-03:00  INFO 9556 --- [msclientes] [restartedMain] o.s.o.j.p.SpringPersistenceUnitInfo      : No LoadTimeWeaver setup: ignoring JPA class transformer
2025-06-18T21:11:34.770-03:00  INFO 9556 --- [msclientes] [restartedMain] org.hibernate.orm.connections.pooling    : HHH10001005: Database info:
	Database JDBC URL [Connecting through datasource 'HikariDataSource (HikariPool-1)']
	Database driver: undefined/unknown
	Database version: 2.3.232
	Autocommit mode: undefined/unknown
	Isolation level: undefined/unknown
	Minimum pool size: undefined/unknown
	Maximum pool size: undefined/unknown
2025-06-18T21:11:35.557-03:00  INFO 9556 --- [msclientes] [restartedMain] o.h.e.t.j.p.i.JtaPlatformInitiator       : HHH000489: No JTA platform available (set 'hibernate.transaction.jta.platform' to enable JTA platform integration)
2025-06-18T21:11:35.590-03:00  INFO 9556 --- [msclientes] [restartedMain] j.LocalContainerEntityManagerFactoryBean : Initialized JPA EntityManagerFactory for persistence unit 'default'
2025-06-18T21:11:35.981-03:00  WARN 9556 --- [msclientes] [restartedMain] JpaBaseConfiguration$JpaWebConfiguration : spring.jpa.open-in-view is enabled by default. Therefore, database queries may be performed during view rendering. Explicitly configure spring.jpa.open-in-view to disable this warning
2025-06-18T21:11:36.816-03:00  INFO 9556 --- [msclientes] [restartedMain] o.s.b.a.h2.H2ConsoleAutoConfiguration    : H2 console available at '/h2-console'. Database available at 'jdbc:h2:mem:4a8585f2-948e-48a8-8be9-c603a6d55279'
2025-06-18T21:11:36.861-03:00  INFO 9556 --- [msclientes] [restartedMain] o.s.b.d.a.OptionalLiveReloadServer       : LiveReload server is running on port 35729
2025-06-18T21:11:36.888-03:00  INFO 9556 --- [msclientes] [restartedMain] DiscoveryClientOptionalArgsConfiguration : Eureka HTTP Client uses RestTemplate.
2025-06-18T21:11:36.942-03:00  WARN 9556 --- [msclientes] [restartedMain] iguration$LoadBalancerCaffeineWarnLogger : Spring Cloud LoadBalancer is currently working with the default cache. While this cache implementation is useful for development and tests, it's recommended to use Caffeine cache in production.You can switch to using Caffeine cache, by adding it and org.springframework.cache.caffeine.CaffeineCacheManager to the classpath.
2025-06-18T21:11:36.955-03:00  INFO 9556 --- [msclientes] [restartedMain] o.s.b.a.e.web.EndpointLinksResolver      : Exposing 17 endpoints beneath base path '/actuator'
2025-06-18T21:11:37.089-03:00  INFO 9556 --- [msclientes] [restartedMain] o.s.b.w.embedded.tomcat.TomcatWebServer  : Tomcat started on port 58986 (http) with context path '/'
2025-06-18T21:11:37.092-03:00  INFO 9556 --- [msclientes] [restartedMain] .s.c.n.e.s.EurekaAutoServiceRegistration : Updating port to 58986
2025-06-18T21:11:37.099-03:00  INFO 9556 --- [msclientes] [restartedMain] o.s.c.n.eureka.InstanceInfoFactory       : Setting initial instance status as: STARTING
2025-06-18T21:11:37.129-03:00  INFO 9556 --- [msclientes] [restartedMain] com.netflix.discovery.DiscoveryClient    : Initializing Eureka in region us-east-1
2025-06-18T21:11:37.134-03:00  INFO 9556 --- [msclientes] [restartedMain] c.n.d.s.r.aws.ConfigClusterResolver      : Resolving eureka endpoints via configuration
2025-06-18T21:11:37.148-03:00  INFO 9556 --- [msclientes] [restartedMain] com.netflix.discovery.DiscoveryClient    : Disable delta property : false
2025-06-18T21:11:37.148-03:00  INFO 9556 --- [msclientes] [restartedMain] com.netflix.discovery.DiscoveryClient    : Single vip registry refresh property : null
2025-06-18T21:11:37.148-03:00  INFO 9556 --- [msclientes] [restartedMain] com.netflix.discovery.DiscoveryClient    : Force full registry fetch : false
2025-06-18T21:11:37.148-03:00  INFO 9556 --- [msclientes] [restartedMain] com.netflix.discovery.DiscoveryClient    : Application is null : false
2025-06-18T21:11:37.149-03:00  INFO 9556 --- [msclientes] [restartedMain] com.netflix.discovery.DiscoveryClient    : Registered Applications size is zero : true
2025-06-18T21:11:37.149-03:00  INFO 9556 --- [msclientes] [restartedMain] com.netflix.discovery.DiscoveryClient    : Application version is -1: true
2025-06-18T21:11:37.149-03:00  INFO 9556 --- [msclientes] [restartedMain] com.netflix.discovery.DiscoveryClient    : Getting all instance registry info from the eureka server
2025-06-18T21:11:37.652-03:00  INFO 9556 --- [msclientes] [restartedMain] com.netflix.discovery.DiscoveryClient    : The response status is 200
2025-06-18T21:11:37.653-03:00  INFO 9556 --- [msclientes] [restartedMain] com.netflix.discovery.DiscoveryClient    : Starting heartbeat executor: renew interval is: 30
2025-06-18T21:11:37.655-03:00  INFO 9556 --- [msclientes] [restartedMain] c.n.discovery.InstanceInfoReplicator     : InstanceInfoReplicator onDemand update allowed rate per min is 4
2025-06-18T21:11:37.657-03:00  INFO 9556 --- [msclientes] [restartedMain] com.netflix.discovery.DiscoveryClient    : Discovery Client initialized at timestamp 1750291897656 with initial instances count: 0
2025-06-18T21:11:37.661-03:00  INFO 9556 --- [msclientes] [restartedMain] o.s.c.n.e.s.EurekaServiceRegistry        : Registering application MSCLIENTES with eureka with status UP
2025-06-18T21:11:37.662-03:00  INFO 9556 --- [msclientes] [restartedMain] com.netflix.discovery.DiscoveryClient    : Saw local status change event StatusChangeEvent [timestamp=1750291897661, current=UP, previous=STARTING]
2025-06-18T21:11:37.663-03:00  INFO 9556 --- [msclientes] [DiscoveryClient-InstanceInfoReplicator-%d] com.netflix.discovery.DiscoveryClient    : DiscoveryClient_MSCLIENTES/msclientes:7e17a75cc4a95d68060e7bdaa690087b: registering service...
2025-06-18T21:11:37.684-03:00  INFO 9556 --- [msclientes] [restartedMain] k.m.MsclientesnovoApplication            : Started MsclientesnovoApplication in 7.313 seconds (process running for 8.065)
2025-06-18T21:11:37.863-03:00  INFO 9556 --- [msclientes] [DiscoveryClient-InstanceInfoReplicator-%d] com.netflix.discovery.DiscoveryClient    : DiscoveryClient_MSCLIENTES/msclientes:7e17a75cc4a95d68060e7bdaa690087b - registration status: 204
2025-06-18T21:11:46.085-03:00  INFO 9556 --- [msclientes] [http-nio-auto-1-exec-1] o.a.c.c.C.[Tomcat].[localhost].[/]       : Initializing Spring DispatcherServlet 'dispatcherServlet'
2025-06-18T21:11:46.087-03:00  INFO 9556 --- [msclientes] [http-nio-auto-1-exec-1] o.s.web.servlet.DispatcherServlet        : Initializing Servlet 'dispatcherServlet'
2025-06-18T21:11:46.091-03:00  INFO 9556 --- [msclientes] [http-nio-auto-1-exec-1] o.s.web.servlet.DispatcherServlet        : Completed initialization in 3 ms
2025-06-18T21:12:07.659-03:00  INFO 9556 --- [msclientes] [DiscoveryClient-CacheRefreshExecutor-%d] com.netflix.discovery.DiscoveryClient    : Disable delta property : false
2025-06-18T21:12:07.660-03:00  INFO 9556 --- [msclientes] [DiscoveryClient-CacheRefreshExecutor-%d] com.netflix.discovery.DiscoveryClient    : Single vip registry refresh property : null
2025-06-18T21:12:07.660-03:00  INFO 9556 --- [msclientes] [DiscoveryClient-CacheRefreshExecutor-%d] com.netflix.discovery.DiscoveryClient    : Force full registry fetch : false
2025-06-18T21:12:07.660-03:00  INFO 9556 --- [msclientes] [DiscoveryClient-CacheRefreshExecutor-%d] com.netflix.discovery.DiscoveryClient    : Application is null : false
2025-06-18T21:12:07.660-03:00  INFO 9556 --- [msclientes] [DiscoveryClient-CacheRefreshExecutor-%d] com.netflix.discovery.DiscoveryClient    : Registered Applications size is zero : true
2025-06-18T21:12:07.660-03:00  INFO 9556 --- [msclientes] [DiscoveryClient-CacheRefreshExecutor-%d] com.netflix.discovery.DiscoveryClient    : Application version is -1: false
2025-06-18T21:12:07.660-03:00  INFO 9556 --- [msclientes] [DiscoveryClient-CacheRefreshExecutor-%d] com.netflix.discovery.DiscoveryClient    : Getting all instance registry info from the eureka server
2025-06-18T21:12:07.756-03:00  INFO 9556 --- [msclientes] [DiscoveryClient-CacheRefreshExecutor-%d] com.netflix.discovery.DiscoveryClient    : The response status is 200
2025-06-18T21:15:06.119-03:00  INFO 9556 --- [msclientes] [File Watcher] rtingClassPathChangeChangedEventListener : Restarting due to 1 class path change (0 additions, 0 deletions, 1 modification)
2025-06-18T21:15:06.121-03:00  INFO 9556 --- [msclientes] [Thread-7] o.s.c.n.e.s.EurekaServiceRegistry        : Unregistering application MSCLIENTES with eureka with status DOWN
2025-06-18T21:15:06.122-03:00  INFO 9556 --- [msclientes] [Thread-7] com.netflix.discovery.DiscoveryClient    : Saw local status change event StatusChangeEvent [timestamp=1750292106122, current=DOWN, previous=UP]
2025-06-18T21:15:06.122-03:00  INFO 9556 --- [msclientes] [DiscoveryClient-InstanceInfoReplicator-%d] com.netflix.discovery.DiscoveryClient    : DiscoveryClient_MSCLIENTES/msclientes:7e17a75cc4a95d68060e7bdaa690087b: registering service...
2025-06-18T21:15:06.125-03:00  INFO 9556 --- [msclientes] [Thread-7] o.s.b.w.e.tomcat.GracefulShutdown        : Commencing graceful shutdown. Waiting for active requests to complete
2025-06-18T21:15:06.130-03:00  INFO 9556 --- [msclientes] [tomcat-shutdown] o.s.b.w.e.tomcat.GracefulShutdown        : Graceful shutdown complete
2025-06-18T21:15:06.139-03:00  INFO 9556 --- [msclientes] [Thread-7] j.LocalContainerEntityManagerFactoryBean : Closing JPA EntityManagerFactory for persistence unit 'default'
2025-06-18T21:15:06.181-03:00  WARN 9556 --- [msclientes] [Thread-7] o.s.b.f.support.DisposableBeanAdapter    : Invocation of destroy method failed on bean with name 'inMemoryDatabaseShutdownExecutor': org.h2.jdbc.JdbcSQLNonTransientConnectionException: Database is already closed (to disable automatic closing at VM shutdown, add ";DB_CLOSE_ON_EXIT=FALSE" to the db URL) [90121-232]
2025-06-18T21:15:06.182-03:00  INFO 9556 --- [msclientes] [Thread-7] com.zaxxer.hikari.HikariDataSource       : HikariPool-1 - Shutdown initiated...
2025-06-18T21:15:06.184-03:00  INFO 9556 --- [msclientes] [Thread-7] com.zaxxer.hikari.HikariDataSource       : HikariPool-1 - Shutdown completed.
2025-06-18T21:15:06.185-03:00  INFO 9556 --- [msclientes] [Thread-7] com.netflix.discovery.DiscoveryClient    : Shutting down DiscoveryClient ...
2025-06-18T21:15:06.204-03:00  INFO 9556 --- [msclientes] [DiscoveryClient-InstanceInfoReplicator-%d] com.netflix.discovery.DiscoveryClient    : DiscoveryClient_MSCLIENTES/msclientes:7e17a75cc4a95d68060e7bdaa690087b - registration status: 204
2025-06-18T21:15:06.205-03:00  INFO 9556 --- [msclientes] [Thread-7] com.netflix.discovery.DiscoveryClient    : Unregistering ...
2025-06-18T21:15:06.281-03:00  INFO 9556 --- [msclientes] [Thread-7] com.netflix.discovery.DiscoveryClient    : DiscoveryClient_MSCLIENTES/msclientes:7e17a75cc4a95d68060e7bdaa690087b - deregister  status: 200
2025-06-18T21:15:06.281-03:00  INFO 9556 --- [msclientes] [Thread-7] com.netflix.discovery.DiscoveryClient    : Completed shut down of DiscoveryClient
2025-06-18T21:15:06.471-03:00  INFO 9556 --- [msclientes] [restartedMain] k.m.MsclientesnovoApplication            : Starting MsclientesnovoApplication using Java 21.0.2 with PID 9556 (C:\Users\Junior\Desktop\ms-novo-teste\msclientesnovo\target\classes started by Junior in C:\Users\Junior\Desktop\ms-novo-teste\msclientesnovo)
2025-06-18T21:15:06.471-03:00  INFO 9556 --- [msclientes] [restartedMain] k.m.MsclientesnovoApplication            : No active profile set, falling back to 1 default profile: "default"
2025-06-18T21:15:06.970-03:00  INFO 9556 --- [msclientes] [restartedMain] .s.d.r.c.RepositoryConfigurationDelegate : Bootstrapping Spring Data JPA repositories in DEFAULT mode.
2025-06-18T21:15:06.981-03:00  INFO 9556 --- [msclientes] [restartedMain] .s.d.r.c.RepositoryConfigurationDelegate : Finished Spring Data repository scanning in 10 ms. Found 1 JPA repository interface.
2025-06-18T21:15:07.108-03:00  INFO 9556 --- [msclientes] [restartedMain] o.s.cloud.context.scope.GenericScope     : BeanFactory id=e00de41b-1a83-30b8-bcf3-bedd9ab94065
2025-06-18T21:15:07.184-03:00  INFO 9556 --- [msclientes] [restartedMain] o.s.b.w.embedded.tomcat.TomcatWebServer  : Tomcat initialized with port 0 (http)
2025-06-18T21:15:07.185-03:00  INFO 9556 --- [msclientes] [restartedMain] o.apache.catalina.core.StandardService   : Starting service [Tomcat]
2025-06-18T21:15:07.186-03:00  INFO 9556 --- [msclientes] [restartedMain] o.apache.catalina.core.StandardEngine    : Starting Servlet engine: [Apache Tomcat/10.1.41]
2025-06-18T21:15:07.222-03:00  INFO 9556 --- [msclientes] [restartedMain] o.a.c.c.C.[Tomcat].[localhost].[/]       : Initializing Spring embedded WebApplicationContext
2025-06-18T21:15:07.223-03:00  INFO 9556 --- [msclientes] [restartedMain] w.s.c.ServletWebServerApplicationContext : Root WebApplicationContext: initialization completed in 748 ms
2025-06-18T21:15:07.306-03:00  INFO 9556 --- [msclientes] [restartedMain] com.zaxxer.hikari.HikariDataSource       : HikariPool-2 - Starting...
2025-06-18T21:15:07.309-03:00  INFO 9556 --- [msclientes] [restartedMain] com.zaxxer.hikari.pool.HikariPool        : HikariPool-2 - Added connection conn10: url=jdbc:h2:mem:2f085e3d-09ad-48a8-a3e5-57aef1155bf8 user=SA
2025-06-18T21:15:07.309-03:00  INFO 9556 --- [msclientes] [restartedMain] com.zaxxer.hikari.HikariDataSource       : HikariPool-2 - Start completed.
2025-06-18T21:15:07.311-03:00  INFO 9556 --- [msclientes] [restartedMain] o.hibernate.jpa.internal.util.LogHelper  : HHH000204: Processing PersistenceUnitInfo [name: default]
2025-06-18T21:15:07.315-03:00  INFO 9556 --- [msclientes] [restartedMain] o.h.c.internal.RegionFactoryInitiator    : HHH000026: Second-level cache disabled
2025-06-18T21:15:07.325-03:00  INFO 9556 --- [msclientes] [restartedMain] o.s.o.j.p.SpringPersistenceUnitInfo      : No LoadTimeWeaver setup: ignoring JPA class transformer
2025-06-18T21:15:07.327-03:00  INFO 9556 --- [msclientes] [restartedMain] org.hibernate.orm.connections.pooling    : HHH10001005: Database info:
	Database JDBC URL [Connecting through datasource 'HikariDataSource (HikariPool-2)']
	Database driver: undefined/unknown
	Database version: 2.3.232
	Autocommit mode: undefined/unknown
	Isolation level: undefined/unknown
	Minimum pool size: undefined/unknown
	Maximum pool size: undefined/unknown
2025-06-18T21:15:07.373-03:00  INFO 9556 --- [msclientes] [restartedMain] o.h.e.t.j.p.i.JtaPlatformInitiator       : HHH000489: No JTA platform available (set 'hibernate.transaction.jta.platform' to enable JTA platform integration)
2025-06-18T21:15:07.375-03:00  INFO 9556 --- [msclientes] [restartedMain] j.LocalContainerEntityManagerFactoryBean : Initialized JPA EntityManagerFactory for persistence unit 'default'
2025-06-18T21:15:07.431-03:00  WARN 9556 --- [msclientes] [restartedMain] JpaBaseConfiguration$JpaWebConfiguration : spring.jpa.open-in-view is enabled by default. Therefore, database queries may be performed during view rendering. Explicitly configure spring.jpa.open-in-view to disable this warning
2025-06-18T21:15:07.571-03:00  INFO 9556 --- [msclientes] [restartedMain] o.s.b.a.h2.H2ConsoleAutoConfiguration    : H2 console available at '/h2-console'. Database available at 'jdbc:h2:mem:2f085e3d-09ad-48a8-a3e5-57aef1155bf8'
2025-06-18T21:15:07.580-03:00  INFO 9556 --- [msclientes] [restartedMain] o.s.b.d.a.OptionalLiveReloadServer       : LiveReload server is running on port 35729
2025-06-18T21:15:07.592-03:00  INFO 9556 --- [msclientes] [restartedMain] DiscoveryClientOptionalArgsConfiguration : Eureka HTTP Client uses RestTemplate.
2025-06-18T21:15:07.607-03:00  WARN 9556 --- [msclientes] [restartedMain] iguration$LoadBalancerCaffeineWarnLogger : Spring Cloud LoadBalancer is currently working with the default cache. While this cache implementation is useful for development and tests, it's recommended to use Caffeine cache in production.You can switch to using Caffeine cache, by adding it and org.springframework.cache.caffeine.CaffeineCacheManager to the classpath.
2025-06-18T21:15:07.609-03:00  INFO 9556 --- [msclientes] [restartedMain] o.s.b.a.e.web.EndpointLinksResolver      : Exposing 17 endpoints beneath base path '/actuator'
2025-06-18T21:15:07.633-03:00  INFO 9556 --- [msclientes] [restartedMain] o.s.b.w.embedded.tomcat.TomcatWebServer  : Tomcat started on port 59095 (http) with context path '/'
2025-06-18T21:15:07.633-03:00  INFO 9556 --- [msclientes] [restartedMain] .s.c.n.e.s.EurekaAutoServiceRegistration : Updating port to 59095
2025-06-18T21:15:07.634-03:00  INFO 9556 --- [msclientes] [restartedMain] o.s.c.n.eureka.InstanceInfoFactory       : Setting initial instance status as: STARTING
2025-06-18T21:15:07.637-03:00  INFO 9556 --- [msclientes] [restartedMain] com.netflix.discovery.DiscoveryClient    : Initializing Eureka in region us-east-1
2025-06-18T21:15:07.637-03:00  INFO 9556 --- [msclientes] [restartedMain] c.n.d.s.r.aws.ConfigClusterResolver      : Resolving eureka endpoints via configuration
2025-06-18T21:15:07.637-03:00  INFO 9556 --- [msclientes] [restartedMain] com.netflix.discovery.DiscoveryClient    : Disable delta property : false
2025-06-18T21:15:07.638-03:00  INFO 9556 --- [msclientes] [restartedMain] com.netflix.discovery.DiscoveryClient    : Single vip registry refresh property : null
2025-06-18T21:15:07.638-03:00  INFO 9556 --- [msclientes] [restartedMain] com.netflix.discovery.DiscoveryClient    : Force full registry fetch : false
2025-06-18T21:15:07.638-03:00  INFO 9556 --- [msclientes] [restartedMain] com.netflix.discovery.DiscoveryClient    : Application is null : false
2025-06-18T21:15:07.638-03:00  INFO 9556 --- [msclientes] [restartedMain] com.netflix.discovery.DiscoveryClient    : Registered Applications size is zero : true
2025-06-18T21:15:07.638-03:00  INFO 9556 --- [msclientes] [restartedMain] com.netflix.discovery.DiscoveryClient    : Application version is -1: true
2025-06-18T21:15:07.638-03:00  INFO 9556 --- [msclientes] [restartedMain] com.netflix.discovery.DiscoveryClient    : Getting all instance registry info from the eureka server
2025-06-18T21:15:07.731-03:00  INFO 9556 --- [msclientes] [restartedMain] com.netflix.discovery.DiscoveryClient    : The response status is 200
2025-06-18T21:15:07.732-03:00  INFO 9556 --- [msclientes] [restartedMain] com.netflix.discovery.DiscoveryClient    : Starting heartbeat executor: renew interval is: 30
2025-06-18T21:15:07.732-03:00  INFO 9556 --- [msclientes] [restartedMain] c.n.discovery.InstanceInfoReplicator     : InstanceInfoReplicator onDemand update allowed rate per min is 4
2025-06-18T21:15:07.732-03:00  INFO 9556 --- [msclientes] [restartedMain] com.netflix.discovery.DiscoveryClient    : Discovery Client initialized at timestamp 1750292107732 with initial instances count: 1
2025-06-18T21:15:07.733-03:00  INFO 9556 --- [msclientes] [restartedMain] o.s.c.n.e.s.EurekaServiceRegistry        : Registering application MSCLIENTES with eureka with status UP
2025-06-18T21:15:07.733-03:00  INFO 9556 --- [msclientes] [restartedMain] com.netflix.discovery.DiscoveryClient    : Saw local status change event StatusChangeEvent [timestamp=1750292107733, current=UP, previous=STARTING]
2025-06-18T21:15:07.733-03:00  INFO 9556 --- [msclientes] [DiscoveryClient-InstanceInfoReplicator-%d] com.netflix.discovery.DiscoveryClient    : DiscoveryClient_MSCLIENTES/msclientes:943196b8423cb9ff7cb0ba50a4f9450e: registering service...
2025-06-18T21:15:07.746-03:00  INFO 9556 --- [msclientes] [restartedMain] k.m.MsclientesnovoApplication            : Started MsclientesnovoApplication in 1.345 seconds (process running for 218.127)
2025-06-18T21:15:07.749-03:00  INFO 9556 --- [msclientes] [restartedMain] .ConditionEvaluationDeltaLoggingListener : Condition evaluation unchanged
2025-06-18T21:15:07.810-03:00  INFO 9556 --- [msclientes] [DiscoveryClient-InstanceInfoReplicator-%d] com.netflix.discovery.DiscoveryClient    : DiscoveryClient_MSCLIENTES/msclientes:943196b8423cb9ff7cb0ba50a4f9450e - registration status: 204
2025-06-18T21:20:19.876-03:00  INFO 10184 --- [msclientes] [restartedMain] k.m.MsclientesnovoApplication            : Starting MsclientesnovoApplication using Java 21.0.2 with PID 10184 (C:\Users\Junior\Desktop\ms-novo-teste\msclientesnovo\target\classes started by Junior in C:\Users\Junior\Desktop\ms-novo-teste\msclientesnovo)
2025-06-18T21:20:19.879-03:00  INFO 10184 --- [msclientes] [restartedMain] k.m.MsclientesnovoApplication            : No active profile set, falling back to 1 default profile: "default"
2025-06-18T21:20:19.936-03:00  INFO 10184 --- [msclientes] [restartedMain] .e.DevToolsPropertyDefaultsPostProcessor : Devtools property defaults active! Set 'spring.devtools.add-properties' to 'false' to disable
2025-06-18T21:20:19.937-03:00  INFO 10184 --- [msclientes] [restartedMain] .e.DevToolsPropertyDefaultsPostProcessor : For additional web related logging consider setting the 'logging.level.web' property to 'DEBUG'
2025-06-18T21:20:21.591-03:00  INFO 10184 --- [msclientes] [restartedMain] .s.d.r.c.RepositoryConfigurationDelegate : Bootstrapping Spring Data JPA repositories in DEFAULT mode.
2025-06-18T21:20:21.789-03:00  INFO 10184 --- [msclientes] [restartedMain] .s.d.r.c.RepositoryConfigurationDelegate : Finished Spring Data repository scanning in 186 ms. Found 1 JPA repository interface.
2025-06-18T21:20:22.126-03:00  INFO 10184 --- [msclientes] [restartedMain] o.s.cloud.context.scope.GenericScope     : BeanFactory id=7c27281f-a8b7-36ad-9bfd-a31fe372fd24
2025-06-18T21:20:22.773-03:00  INFO 10184 --- [msclientes] [restartedMain] o.s.b.w.embedded.tomcat.TomcatWebServer  : Tomcat initialized with port 0 (http)
2025-06-18T21:20:22.788-03:00  INFO 10184 --- [msclientes] [restartedMain] o.apache.catalina.core.StandardService   : Starting service [Tomcat]
2025-06-18T21:20:22.789-03:00  INFO 10184 --- [msclientes] [restartedMain] o.apache.catalina.core.StandardEngine    : Starting Servlet engine: [Apache Tomcat/10.1.41]
2025-06-18T21:20:22.871-03:00  INFO 10184 --- [msclientes] [restartedMain] o.a.c.c.C.[Tomcat].[localhost].[/]       : Initializing Spring embedded WebApplicationContext
2025-06-18T21:20:22.872-03:00  INFO 10184 --- [msclientes] [restartedMain] w.s.c.ServletWebServerApplicationContext : Root WebApplicationContext: initialization completed in 2933 ms
2025-06-18T21:20:23.288-03:00  INFO 10184 --- [msclientes] [restartedMain] com.zaxxer.hikari.HikariDataSource       : HikariPool-1 - Starting...
2025-06-18T21:20:23.524-03:00  INFO 10184 --- [msclientes] [restartedMain] com.zaxxer.hikari.pool.HikariPool        : HikariPool-1 - Added connection conn0: url=jdbc:h2:mem:565816b0-1c4b-45ef-9f44-0bc7929443d4 user=SA
2025-06-18T21:20:23.527-03:00  INFO 10184 --- [msclientes] [restartedMain] com.zaxxer.hikari.HikariDataSource       : HikariPool-1 - Start completed.
2025-06-18T21:20:23.580-03:00  INFO 10184 --- [msclientes] [restartedMain] o.hibernate.jpa.internal.util.LogHelper  : HHH000204: Processing PersistenceUnitInfo [name: default]
2025-06-18T21:20:23.665-03:00  INFO 10184 --- [msclientes] [restartedMain] org.hibernate.Version                    : HHH000412: Hibernate ORM core version 6.6.15.Final
2025-06-18T21:20:23.717-03:00  INFO 10184 --- [msclientes] [restartedMain] o.h.c.internal.RegionFactoryInitiator    : HHH000026: Second-level cache disabled
2025-06-18T21:20:24.120-03:00  INFO 10184 --- [msclientes] [restartedMain] o.s.o.j.p.SpringPersistenceUnitInfo      : No LoadTimeWeaver setup: ignoring JPA class transformer
2025-06-18T21:20:24.196-03:00  INFO 10184 --- [msclientes] [restartedMain] org.hibernate.orm.connections.pooling    : HHH10001005: Database info:
	Database JDBC URL [Connecting through datasource 'HikariDataSource (HikariPool-1)']
	Database driver: undefined/unknown
	Database version: 2.3.232
	Autocommit mode: undefined/unknown
	Isolation level: undefined/unknown
	Minimum pool size: undefined/unknown
	Maximum pool size: undefined/unknown
2025-06-18T21:20:24.960-03:00  INFO 10184 --- [msclientes] [restartedMain] o.h.e.t.j.p.i.JtaPlatformInitiator       : HHH000489: No JTA platform available (set 'hibernate.transaction.jta.platform' to enable JTA platform integration)
2025-06-18T21:20:24.993-03:00  INFO 10184 --- [msclientes] [restartedMain] j.LocalContainerEntityManagerFactoryBean : Initialized JPA EntityManagerFactory for persistence unit 'default'
2025-06-18T21:20:25.473-03:00  WARN 10184 --- [msclientes] [restartedMain] JpaBaseConfiguration$JpaWebConfiguration : spring.jpa.open-in-view is enabled by default. Therefore, database queries may be performed during view rendering. Explicitly configure spring.jpa.open-in-view to disable this warning
2025-06-18T21:20:26.520-03:00  INFO 10184 --- [msclientes] [restartedMain] o.s.b.a.h2.H2ConsoleAutoConfiguration    : H2 console available at '/h2-console'. Database available at 'jdbc:h2:mem:565816b0-1c4b-45ef-9f44-0bc7929443d4'
2025-06-18T21:20:26.568-03:00  INFO 10184 --- [msclientes] [restartedMain] o.s.b.d.a.OptionalLiveReloadServer       : LiveReload server is running on port 35729
2025-06-18T21:20:26.596-03:00  INFO 10184 --- [msclientes] [restartedMain] DiscoveryClientOptionalArgsConfiguration : Eureka HTTP Client uses RestTemplate.
2025-06-18T21:20:26.639-03:00  WARN 10184 --- [msclientes] [restartedMain] iguration$LoadBalancerCaffeineWarnLogger : Spring Cloud LoadBalancer is currently working with the default cache. While this cache implementation is useful for development and tests, it's recommended to use Caffeine cache in production.You can switch to using Caffeine cache, by adding it and org.springframework.cache.caffeine.CaffeineCacheManager to the classpath.
2025-06-18T21:20:26.648-03:00  INFO 10184 --- [msclientes] [restartedMain] o.s.b.a.e.web.EndpointLinksResolver      : Exposing 17 endpoints beneath base path '/actuator'
2025-06-18T21:20:26.768-03:00  INFO 10184 --- [msclientes] [restartedMain] o.s.b.w.embedded.tomcat.TomcatWebServer  : Tomcat started on port 59395 (http) with context path '/'
2025-06-18T21:20:26.770-03:00  INFO 10184 --- [msclientes] [restartedMain] .s.c.n.e.s.EurekaAutoServiceRegistration : Updating port to 59395
2025-06-18T21:20:26.776-03:00  INFO 10184 --- [msclientes] [restartedMain] o.s.c.n.eureka.InstanceInfoFactory       : Setting initial instance status as: STARTING
2025-06-18T21:20:26.805-03:00  INFO 10184 --- [msclientes] [restartedMain] com.netflix.discovery.DiscoveryClient    : Initializing Eureka in region us-east-1
2025-06-18T21:20:26.813-03:00  INFO 10184 --- [msclientes] [restartedMain] c.n.d.s.r.aws.ConfigClusterResolver      : Resolving eureka endpoints via configuration
2025-06-18T21:20:26.829-03:00  INFO 10184 --- [msclientes] [restartedMain] com.netflix.discovery.DiscoveryClient    : Disable delta property : false
2025-06-18T21:20:26.829-03:00  INFO 10184 --- [msclientes] [restartedMain] com.netflix.discovery.DiscoveryClient    : Single vip registry refresh property : null
2025-06-18T21:20:26.830-03:00  INFO 10184 --- [msclientes] [restartedMain] com.netflix.discovery.DiscoveryClient    : Force full registry fetch : false
2025-06-18T21:20:26.830-03:00  INFO 10184 --- [msclientes] [restartedMain] com.netflix.discovery.DiscoveryClient    : Application is null : false
2025-06-18T21:20:26.830-03:00  INFO 10184 --- [msclientes] [restartedMain] com.netflix.discovery.DiscoveryClient    : Registered Applications size is zero : true
2025-06-18T21:20:26.830-03:00  INFO 10184 --- [msclientes] [restartedMain] com.netflix.discovery.DiscoveryClient    : Application version is -1: true
2025-06-18T21:20:26.830-03:00  INFO 10184 --- [msclientes] [restartedMain] com.netflix.discovery.DiscoveryClient    : Getting all instance registry info from the eureka server
2025-06-18T21:20:27.332-03:00  INFO 10184 --- [msclientes] [restartedMain] com.netflix.discovery.DiscoveryClient    : The response status is 200
2025-06-18T21:20:27.334-03:00  INFO 10184 --- [msclientes] [restartedMain] com.netflix.discovery.DiscoveryClient    : Starting heartbeat executor: renew interval is: 30
2025-06-18T21:20:27.336-03:00  INFO 10184 --- [msclientes] [restartedMain] c.n.discovery.InstanceInfoReplicator     : InstanceInfoReplicator onDemand update allowed rate per min is 4
2025-06-18T21:20:27.339-03:00  INFO 10184 --- [msclientes] [restartedMain] com.netflix.discovery.DiscoveryClient    : Discovery Client initialized at timestamp 1750292427337 with initial instances count: 0
2025-06-18T21:20:27.342-03:00  INFO 10184 --- [msclientes] [restartedMain] o.s.c.n.e.s.EurekaServiceRegistry        : Registering application MSCLIENTES with eureka with status UP
2025-06-18T21:20:27.343-03:00  INFO 10184 --- [msclientes] [restartedMain] com.netflix.discovery.DiscoveryClient    : Saw local status change event StatusChangeEvent [timestamp=1750292427343, current=UP, previous=STARTING]
2025-06-18T21:20:27.345-03:00  INFO 10184 --- [msclientes] [DiscoveryClient-InstanceInfoReplicator-%d] com.netflix.discovery.DiscoveryClient    : DiscoveryClient_MSCLIENTES/msclientes:68c87527f8766eaae4214b13d2f35f57: registering service...
2025-06-18T21:20:27.366-03:00  INFO 10184 --- [msclientes] [restartedMain] k.m.MsclientesnovoApplication            : Started MsclientesnovoApplication in 8.125 seconds (process running for 8.857)
2025-06-18T21:20:27.577-03:00  INFO 10184 --- [msclientes] [DiscoveryClient-InstanceInfoReplicator-%d] com.netflix.discovery.DiscoveryClient    : DiscoveryClient_MSCLIENTES/msclientes:68c87527f8766eaae4214b13d2f35f57 - registration status: 204
2025-06-18T21:20:37.056-03:00  INFO 10184 --- [msclientes] [http-nio-auto-1-exec-1] o.a.c.c.C.[Tomcat].[localhost].[/]       : Initializing Spring DispatcherServlet 'dispatcherServlet'
2025-06-18T21:20:37.057-03:00  INFO 10184 --- [msclientes] [http-nio-auto-1-exec-1] o.s.web.servlet.DispatcherServlet        : Initializing Servlet 'dispatcherServlet'
2025-06-18T21:20:37.059-03:00  INFO 10184 --- [msclientes] [http-nio-auto-1-exec-1] o.s.web.servlet.DispatcherServlet        : Completed initialization in 1 ms
2025-06-18T21:20:57.342-03:00  INFO 10184 --- [msclientes] [DiscoveryClient-CacheRefreshExecutor-%d] com.netflix.discovery.DiscoveryClient    : Disable delta property : false
2025-06-18T21:20:57.343-03:00  INFO 10184 --- [msclientes] [DiscoveryClient-CacheRefreshExecutor-%d] com.netflix.discovery.DiscoveryClient    : Single vip registry refresh property : null
2025-06-18T21:20:57.343-03:00  INFO 10184 --- [msclientes] [DiscoveryClient-CacheRefreshExecutor-%d] com.netflix.discovery.DiscoveryClient    : Force full registry fetch : false
2025-06-18T21:20:57.343-03:00  INFO 10184 --- [msclientes] [DiscoveryClient-CacheRefreshExecutor-%d] com.netflix.discovery.DiscoveryClient    : Application is null : false
2025-06-18T21:20:57.343-03:00  INFO 10184 --- [msclientes] [DiscoveryClient-CacheRefreshExecutor-%d] com.netflix.discovery.DiscoveryClient    : Registered Applications size is zero : true
2025-06-18T21:20:57.343-03:00  INFO 10184 --- [msclientes] [DiscoveryClient-CacheRefreshExecutor-%d] com.netflix.discovery.DiscoveryClient    : Application version is -1: false
2025-06-18T21:20:57.343-03:00  INFO 10184 --- [msclientes] [DiscoveryClient-CacheRefreshExecutor-%d] com.netflix.discovery.DiscoveryClient    : Getting all instance registry info from the eureka server
2025-06-18T21:20:57.440-03:00  INFO 10184 --- [msclientes] [DiscoveryClient-CacheRefreshExecutor-%d] com.netflix.discovery.DiscoveryClient    : The response status is 200
2025-06-18T21:21:19.301-03:00  INFO 10184 --- [msclientes] [http-nio-auto-1-exec-3] o.springdoc.api.AbstractOpenApiResource  : Init duration for springdoc-openapi is: 160 ms
2025-06-18T21:30:15.836-03:00  INFO 15488 --- [msclientes] [restartedMain] k.m.MsclientesnovoApplication            : Starting MsclientesnovoApplication using Java 21.0.2 with PID 15488 (C:\Users\Junior\Desktop\ms-novo-teste\msclientesnovo\target\classes started by Junior in C:\Users\Junior\Desktop\ms-novo-teste\msclientesnovo)
2025-06-18T21:30:15.839-03:00  INFO 15488 --- [msclientes] [restartedMain] k.m.MsclientesnovoApplication            : No active profile set, falling back to 1 default profile: "default"
2025-06-18T21:30:15.894-03:00  INFO 15488 --- [msclientes] [restartedMain] .e.DevToolsPropertyDefaultsPostProcessor : Devtools property defaults active! Set 'spring.devtools.add-properties' to 'false' to disable
2025-06-18T21:30:15.895-03:00  INFO 15488 --- [msclientes] [restartedMain] .e.DevToolsPropertyDefaultsPostProcessor : For additional web related logging consider setting the 'logging.level.web' property to 'DEBUG'
2025-06-18T21:30:17.637-03:00  INFO 15488 --- [msclientes] [restartedMain] .s.d.r.c.RepositoryConfigurationDelegate : Bootstrapping Spring Data JPA repositories in DEFAULT mode.
2025-06-18T21:30:17.794-03:00  INFO 15488 --- [msclientes] [restartedMain] .s.d.r.c.RepositoryConfigurationDelegate : Finished Spring Data repository scanning in 146 ms. Found 1 JPA repository interface.
2025-06-18T21:30:18.092-03:00  INFO 15488 --- [msclientes] [restartedMain] o.s.cloud.context.scope.GenericScope     : BeanFactory id=7c27281f-a8b7-36ad-9bfd-a31fe372fd24
2025-06-18T21:30:18.740-03:00  INFO 15488 --- [msclientes] [restartedMain] o.s.b.w.embedded.tomcat.TomcatWebServer  : Tomcat initialized with port 0 (http)
2025-06-18T21:30:18.759-03:00  INFO 15488 --- [msclientes] [restartedMain] o.apache.catalina.core.StandardService   : Starting service [Tomcat]
2025-06-18T21:30:18.760-03:00  INFO 15488 --- [msclientes] [restartedMain] o.apache.catalina.core.StandardEngine    : Starting Servlet engine: [Apache Tomcat/10.1.41]
2025-06-18T21:30:18.829-03:00  INFO 15488 --- [msclientes] [restartedMain] o.a.c.c.C.[Tomcat].[localhost].[/]       : Initializing Spring embedded WebApplicationContext
2025-06-18T21:30:18.829-03:00  INFO 15488 --- [msclientes] [restartedMain] w.s.c.ServletWebServerApplicationContext : Root WebApplicationContext: initialization completed in 2934 ms
2025-06-18T21:30:19.253-03:00  INFO 15488 --- [msclientes] [restartedMain] com.zaxxer.hikari.HikariDataSource       : HikariPool-1 - Starting...
2025-06-18T21:30:19.497-03:00  INFO 15488 --- [msclientes] [restartedMain] com.zaxxer.hikari.pool.HikariPool        : HikariPool-1 - Added connection conn0: url=jdbc:h2:mem:e5bf97c2-f887-494d-968d-eef449608dbe user=SA
2025-06-18T21:30:19.500-03:00  INFO 15488 --- [msclientes] [restartedMain] com.zaxxer.hikari.HikariDataSource       : HikariPool-1 - Start completed.
2025-06-18T21:30:19.553-03:00  INFO 15488 --- [msclientes] [restartedMain] o.hibernate.jpa.internal.util.LogHelper  : HHH000204: Processing PersistenceUnitInfo [name: default]
2025-06-18T21:30:19.622-03:00  INFO 15488 --- [msclientes] [restartedMain] org.hibernate.Version                    : HHH000412: Hibernate ORM core version 6.6.15.Final
2025-06-18T21:30:19.677-03:00  INFO 15488 --- [msclientes] [restartedMain] o.h.c.internal.RegionFactoryInitiator    : HHH000026: Second-level cache disabled
2025-06-18T21:30:20.126-03:00  INFO 15488 --- [msclientes] [restartedMain] o.s.o.j.p.SpringPersistenceUnitInfo      : No LoadTimeWeaver setup: ignoring JPA class transformer
2025-06-18T21:30:20.243-03:00  INFO 15488 --- [msclientes] [restartedMain] org.hibernate.orm.connections.pooling    : HHH10001005: Database info:
	Database JDBC URL [Connecting through datasource 'HikariDataSource (HikariPool-1)']
	Database driver: undefined/unknown
	Database version: 2.3.232
	Autocommit mode: undefined/unknown
	Isolation level: undefined/unknown
	Minimum pool size: undefined/unknown
	Maximum pool size: undefined/unknown
2025-06-18T21:30:21.003-03:00  INFO 15488 --- [msclientes] [restartedMain] o.h.e.t.j.p.i.JtaPlatformInitiator       : HHH000489: No JTA platform available (set 'hibernate.transaction.jta.platform' to enable JTA platform integration)
2025-06-18T21:30:21.038-03:00  INFO 15488 --- [msclientes] [restartedMain] j.LocalContainerEntityManagerFactoryBean : Initialized JPA EntityManagerFactory for persistence unit 'default'
2025-06-18T21:30:21.660-03:00  WARN 15488 --- [msclientes] [restartedMain] JpaBaseConfiguration$JpaWebConfiguration : spring.jpa.open-in-view is enabled by default. Therefore, database queries may be performed during view rendering. Explicitly configure spring.jpa.open-in-view to disable this warning
2025-06-18T21:30:22.775-03:00  INFO 15488 --- [msclientes] [restartedMain] o.s.b.a.h2.H2ConsoleAutoConfiguration    : H2 console available at '/h2-console'. Database available at 'jdbc:h2:mem:e5bf97c2-f887-494d-968d-eef449608dbe'
2025-06-18T21:30:22.834-03:00  INFO 15488 --- [msclientes] [restartedMain] o.s.b.d.a.OptionalLiveReloadServer       : LiveReload server is running on port 35729
2025-06-18T21:30:22.879-03:00  INFO 15488 --- [msclientes] [restartedMain] DiscoveryClientOptionalArgsConfiguration : Eureka HTTP Client uses RestTemplate.
2025-06-18T21:30:22.937-03:00  WARN 15488 --- [msclientes] [restartedMain] iguration$LoadBalancerCaffeineWarnLogger : Spring Cloud LoadBalancer is currently working with the default cache. While this cache implementation is useful for development and tests, it's recommended to use Caffeine cache in production.You can switch to using Caffeine cache, by adding it and org.springframework.cache.caffeine.CaffeineCacheManager to the classpath.
2025-06-18T21:30:22.948-03:00  INFO 15488 --- [msclientes] [restartedMain] o.s.b.a.e.web.EndpointLinksResolver      : Exposing 17 endpoints beneath base path '/actuator'
2025-06-18T21:30:23.098-03:00  INFO 15488 --- [msclientes] [restartedMain] o.s.b.w.embedded.tomcat.TomcatWebServer  : Tomcat started on port 59588 (http) with context path '/'
2025-06-18T21:30:23.101-03:00  INFO 15488 --- [msclientes] [restartedMain] .s.c.n.e.s.EurekaAutoServiceRegistration : Updating port to 59588
2025-06-18T21:30:23.109-03:00  INFO 15488 --- [msclientes] [restartedMain] o.s.c.n.eureka.InstanceInfoFactory       : Setting initial instance status as: STARTING
2025-06-18T21:30:23.144-03:00  INFO 15488 --- [msclientes] [restartedMain] com.netflix.discovery.DiscoveryClient    : Initializing Eureka in region us-east-1
2025-06-18T21:30:23.150-03:00  INFO 15488 --- [msclientes] [restartedMain] c.n.d.s.r.aws.ConfigClusterResolver      : Resolving eureka endpoints via configuration
2025-06-18T21:30:23.166-03:00  INFO 15488 --- [msclientes] [restartedMain] com.netflix.discovery.DiscoveryClient    : Disable delta property : false
2025-06-18T21:30:23.167-03:00  INFO 15488 --- [msclientes] [restartedMain] com.netflix.discovery.DiscoveryClient    : Single vip registry refresh property : null
2025-06-18T21:30:23.167-03:00  INFO 15488 --- [msclientes] [restartedMain] com.netflix.discovery.DiscoveryClient    : Force full registry fetch : false
2025-06-18T21:30:23.167-03:00  INFO 15488 --- [msclientes] [restartedMain] com.netflix.discovery.DiscoveryClient    : Application is null : false
2025-06-18T21:30:23.167-03:00  INFO 15488 --- [msclientes] [restartedMain] com.netflix.discovery.DiscoveryClient    : Registered Applications size is zero : true
2025-06-18T21:30:23.167-03:00  INFO 15488 --- [msclientes] [restartedMain] com.netflix.discovery.DiscoveryClient    : Application version is -1: true
2025-06-18T21:30:23.167-03:00  INFO 15488 --- [msclientes] [restartedMain] com.netflix.discovery.DiscoveryClient    : Getting all instance registry info from the eureka server
2025-06-18T21:30:24.102-03:00  INFO 15488 --- [msclientes] [restartedMain] com.netflix.discovery.DiscoveryClient    : The response status is 200
2025-06-18T21:30:24.103-03:00  INFO 15488 --- [msclientes] [restartedMain] com.netflix.discovery.DiscoveryClient    : Starting heartbeat executor: renew interval is: 30
2025-06-18T21:30:24.106-03:00  INFO 15488 --- [msclientes] [restartedMain] c.n.discovery.InstanceInfoReplicator     : InstanceInfoReplicator onDemand update allowed rate per min is 4
2025-06-18T21:30:24.109-03:00  INFO 15488 --- [msclientes] [restartedMain] com.netflix.discovery.DiscoveryClient    : Discovery Client initialized at timestamp 1750293024108 with initial instances count: 0
2025-06-18T21:30:24.116-03:00  INFO 15488 --- [msclientes] [restartedMain] o.s.c.n.e.s.EurekaServiceRegistry        : Registering application MSCLIENTES with eureka with status UP
2025-06-18T21:30:24.117-03:00  INFO 15488 --- [msclientes] [restartedMain] com.netflix.discovery.DiscoveryClient    : Saw local status change event StatusChangeEvent [timestamp=1750293024117, current=UP, previous=STARTING]
2025-06-18T21:30:24.120-03:00  INFO 15488 --- [msclientes] [DiscoveryClient-InstanceInfoReplicator-%d] com.netflix.discovery.DiscoveryClient    : DiscoveryClient_MSCLIENTES/msclientes:8702cf34605166735add6ee3c3a7dcdf: registering service...
2025-06-18T21:30:24.147-03:00  INFO 15488 --- [msclientes] [restartedMain] k.m.MsclientesnovoApplication            : Started MsclientesnovoApplication in 8.941 seconds (process running for 9.727)
2025-06-18T21:30:24.400-03:00  INFO 15488 --- [msclientes] [DiscoveryClient-InstanceInfoReplicator-%d] com.netflix.discovery.DiscoveryClient    : DiscoveryClient_MSCLIENTES/msclientes:8702cf34605166735add6ee3c3a7dcdf - registration status: 204
2025-06-18T21:30:54.117-03:00  INFO 15488 --- [msclientes] [DiscoveryClient-CacheRefreshExecutor-%d] com.netflix.discovery.DiscoveryClient    : Disable delta property : false
2025-06-18T21:30:54.117-03:00  INFO 15488 --- [msclientes] [DiscoveryClient-CacheRefreshExecutor-%d] com.netflix.discovery.DiscoveryClient    : Single vip registry refresh property : null
2025-06-18T21:30:54.117-03:00  INFO 15488 --- [msclientes] [DiscoveryClient-CacheRefreshExecutor-%d] com.netflix.discovery.DiscoveryClient    : Force full registry fetch : false
2025-06-18T21:30:54.117-03:00  INFO 15488 --- [msclientes] [DiscoveryClient-CacheRefreshExecutor-%d] com.netflix.discovery.DiscoveryClient    : Application is null : false
2025-06-18T21:30:54.118-03:00  INFO 15488 --- [msclientes] [DiscoveryClient-CacheRefreshExecutor-%d] com.netflix.discovery.DiscoveryClient    : Registered Applications size is zero : true
2025-06-18T21:30:54.118-03:00  INFO 15488 --- [msclientes] [DiscoveryClient-CacheRefreshExecutor-%d] com.netflix.discovery.DiscoveryClient    : Application version is -1: false
2025-06-18T21:30:54.118-03:00  INFO 15488 --- [msclientes] [DiscoveryClient-CacheRefreshExecutor-%d] com.netflix.discovery.DiscoveryClient    : Getting all instance registry info from the eureka server
2025-06-18T21:30:54.213-03:00  INFO 15488 --- [msclientes] [DiscoveryClient-CacheRefreshExecutor-%d] com.netflix.discovery.DiscoveryClient    : The response status is 200
